{"/Users/giancarloramirez/personal-directory/demos/movie-app/src/App.tsx": {"path":"/Users/giancarloramirez/personal-directory/demos/movie-app/src/App.tsx","statementMap":{"0":{"start":{"line":1,"column":0},"end":{"line":1,"column":26}},"1":{"start":{"line":2,"column":0},"end":{"line":2,"column":39}},"2":{"start":{"line":4,"column":0},"end":{"line":4,"column":61}},"3":{"start":{"line":6,"column":0},"end":{"line":6,"column":64}},"4":{"start":{"line":7,"column":0},"end":{"line":7,"column":63}},"5":{"start":{"line":9,"column":0},"end":{"line":9,"column":19}},"6":{"start":{"line":12,"column":49},"end":{"line":13,"column":null}},"7":{"start":{"line":13,"column":15},"end":{"line":13,"column":24}},"8":{"start":{"line":15,"column":19},"end":{"line":15,"column":35}},"9":{"start":{"line":17,"column":32},"end":{"line":21,"column":11}},"10":{"start":{"line":19,"column":6},"end":{"line":19,"column":35}},"11":{"start":{"line":23,"column":23},"end":{"line":27,"column":3}},"12":{"start":{"line":25,"column":4},"end":{"line":25,"column":37}},"13":{"start":{"line":26,"column":4},"end":{"line":26,"column":42}},"14":{"start":{"line":29,"column":2},"end":{"line":33,"column":30}},"15":{"start":{"line":30,"column":4},"end":{"line":32,"column":6}},"16":{"start":{"line":31,"column":6},"end":{"line":31,"column":37}},"17":{"start":{"line":35,"column":2},"end":{"line":51,"column":4}},"18":{"start":{"line":54,"column":0},"end":{"line":54,"column":19}}},"fnMap":{"0":{"name":"App","decl":{"start":{"line":11,"column":9},"end":{"line":11,"column":12}},"loc":{"start":{"line":11,"column":12},"end":{"line":52,"column":1}}},"1":{"name":"(anonymous_2)","decl":{"start":{"line":13,"column":4},"end":{"line":13,"column":5}},"loc":{"start":{"line":13,"column":15},"end":{"line":13,"column":24}}},"2":{"name":"(anonymous_3)","decl":{"start":{"line":18,"column":13},"end":{"line":18,"column":18}},"loc":{"start":{"line":18,"column":37},"end":{"line":20,"column":5}}},"3":{"name":"(anonymous_4)","decl":{"start":{"line":23,"column":23},"end":{"line":23,"column":28}},"loc":{"start":{"line":23,"column":72},"end":{"line":27,"column":3}}},"4":{"name":"(anonymous_5)","decl":{"start":{"line":29,"column":18},"end":{"line":29,"column":21}},"loc":{"start":{"line":29,"column":23},"end":{"line":33,"column":3}}},"5":{"name":"(anonymous_6)","decl":{"start":{"line":30,"column":11},"end":{"line":30,"column":14}},"loc":{"start":{"line":30,"column":16},"end":{"line":32,"column":5}}}},"branchMap":{"0":{"loc":{"start":{"line":40,"column":9},"end":{"line":40,"column":33}},"type":"cond-expr","locations":[{"start":{"line":40,"column":17},"end":{"line":40,"column":26}},{"start":{"line":40,"column":29},"end":{"line":40,"column":33}}]},"1":{"loc":{"start":{"line":42,"column":9},"end":{"line":46,"column":16}},"type":"cond-expr","locations":[{"start":{"line":43,"column":10},"end":{"line":44,"column":null}},{"start":{"line":46,"column":12},"end":{"line":46,"column":16}}]},"2":{"loc":{"start":{"line":48,"column":9},"end":{"line":48,"column":62}},"type":"cond-expr","locations":[{"start":{"line":48,"column":30},"end":{"line":48,"column":55}},{"start":{"line":48,"column":58},"end":{"line":48,"column":62}}]},"3":{"loc":{"start":{"line":48,"column":9},"end":{"line":48,"column":27}},"type":"binary-expr","locations":[{"start":{"line":48,"column":9},"end":{"line":48,"column":15}},{"start":{"line":48,"column":19},"end":{"line":48,"column":27}}]}},"s":{"0":1,"1":1,"2":1,"3":1,"4":1,"5":1,"6":1,"7":2,"8":1,"9":1,"10":0,"11":1,"12":0,"13":0,"14":1,"15":1,"16":1,"17":1,"18":1},"f":{"0":1,"1":2,"2":0,"3":0,"4":1,"5":1},"b":{"0":[0,1],"1":[0,1],"2":[1,0],"3":[1,1]}}
,"/Users/giancarloramirez/personal-directory/demos/movie-app/src/vite-env.d.ts": {"path":"/Users/giancarloramirez/personal-directory/demos/movie-app/src/vite-env.d.ts","statementMap":{},"fnMap":{},"branchMap":{},"s":{},"f":{},"b":{}}
,"/Users/giancarloramirez/personal-directory/demos/movie-app/src/components/index.ts": {"path":"/Users/giancarloramirez/personal-directory/demos/movie-app/src/components/index.ts","statementMap":{"0":{"start":{"line":1,"column":0},"end":{"line":1,"column":24}},"1":{"start":{"line":2,"column":0},"end":{"line":2,"column":24}},"2":{"start":{"line":3,"column":0},"end":{"line":3,"column":25}},"3":{"start":{"line":4,"column":0},"end":{"line":4,"column":25}},"4":{"start":{"line":5,"column":0},"end":{"line":5,"column":25}}},"fnMap":{},"branchMap":{},"s":{"0":1,"1":1,"2":1,"3":1,"4":1},"f":{},"b":{}}
,"/Users/giancarloramirez/personal-directory/demos/movie-app/src/components/Empty/Empty.tsx": {"path":"/Users/giancarloramirez/personal-directory/demos/movie-app/src/components/Empty/Empty.tsx","statementMap":{"0":{"start":{"line":9,"column":0},"end":{"line":9,"column":16}},"1":{"start":{"line":3,"column":0},"end":{"line":3,"column":40}},"2":{"start":{"line":5,"column":0},"end":{"line":5,"column":44}},"3":{"start":{"line":7,"column":13},"end":{"line":7,"column":69}},"4":{"start":{"line":10,"column":2},"end":{"line":16,"column":4}}},"fnMap":{"0":{"name":"Empty","decl":{"start":{"line":9,"column":16},"end":{"line":9,"column":21}},"loc":{"start":{"line":9,"column":64},"end":{"line":17,"column":1}}}},"branchMap":{"0":{"loc":{"start":{"line":9,"column":24},"end":{"line":9,"column":55}},"type":"default-arg","locations":[{"start":{"line":9,"column":34},"end":{"line":9,"column":55}}]}},"s":{"0":3,"1":3,"2":3,"3":3,"4":4},"f":{"0":4},"b":{"0":[1]}}
,"/Users/giancarloramirez/personal-directory/demos/movie-app/src/components/Empty/constants.ts": {"path":"/Users/giancarloramirez/personal-directory/demos/movie-app/src/components/Empty/constants.ts","statementMap":{"0":{"start":{"line":1,"column":13},"end":{"line":1,"column":45}}},"fnMap":{},"branchMap":{},"s":{"0":3},"f":{},"b":{}}
,"/Users/giancarloramirez/personal-directory/demos/movie-app/src/components/Empty/index.ts": {"path":"/Users/giancarloramirez/personal-directory/demos/movie-app/src/components/Empty/index.ts","statementMap":{"0":{"start":{"line":1,"column":0},"end":{"line":1,"column":24}}},"fnMap":{},"branchMap":{},"s":{"0":2},"f":{},"b":{}}
,"/Users/giancarloramirez/personal-directory/demos/movie-app/src/components/Error/Error.tsx": {"path":"/Users/giancarloramirez/personal-directory/demos/movie-app/src/components/Error/Error.tsx","statementMap":{"0":{"start":{"line":9,"column":0},"end":{"line":9,"column":16}},"1":{"start":{"line":3,"column":0},"end":{"line":3,"column":44}},"2":{"start":{"line":5,"column":0},"end":{"line":5,"column":40}},"3":{"start":{"line":7,"column":13},"end":{"line":7,"column":67}},"4":{"start":{"line":10,"column":2},"end":{"line":16,"column":4}}},"fnMap":{"0":{"name":"Error","decl":{"start":{"line":9,"column":16},"end":{"line":9,"column":21}},"loc":{"start":{"line":9,"column":64},"end":{"line":17,"column":1}}}},"branchMap":{"0":{"loc":{"start":{"line":9,"column":24},"end":{"line":9,"column":55}},"type":"default-arg","locations":[{"start":{"line":9,"column":34},"end":{"line":9,"column":55}}]}},"s":{"0":2,"1":2,"2":2,"3":2,"4":2},"f":{"0":2},"b":{"0":[1]}}
,"/Users/giancarloramirez/personal-directory/demos/movie-app/src/components/Error/constants.ts": {"path":"/Users/giancarloramirez/personal-directory/demos/movie-app/src/components/Error/constants.ts","statementMap":{"0":{"start":{"line":1,"column":13},"end":{"line":1,"column":45}}},"fnMap":{},"branchMap":{},"s":{"0":2},"f":{},"b":{}}
,"/Users/giancarloramirez/personal-directory/demos/movie-app/src/components/Error/index.ts": {"path":"/Users/giancarloramirez/personal-directory/demos/movie-app/src/components/Error/index.ts","statementMap":{"0":{"start":{"line":1,"column":0},"end":{"line":1,"column":24}}},"fnMap":{},"branchMap":{},"s":{"0":1},"f":{},"b":{}}
,"/Users/giancarloramirez/personal-directory/demos/movie-app/src/components/Loader/Loader.tsx": {"path":"/Users/giancarloramirez/personal-directory/demos/movie-app/src/components/Loader/Loader.tsx","statementMap":{"0":{"start":{"line":4,"column":0},"end":{"line":4,"column":16}},"1":{"start":{"line":1,"column":0},"end":{"line":1,"column":41}},"2":{"start":{"line":2,"column":0},"end":{"line":2,"column":45}},"3":{"start":{"line":5,"column":2},"end":{"line":9,"column":4}}},"fnMap":{"0":{"name":"Loader","decl":{"start":{"line":4,"column":16},"end":{"line":4,"column":22}},"loc":{"start":{"line":4,"column":22},"end":{"line":10,"column":1}}}},"branchMap":{},"s":{"0":2,"1":2,"2":2,"3":1},"f":{"0":1},"b":{}}
,"/Users/giancarloramirez/personal-directory/demos/movie-app/src/components/Loader/constants.ts": {"path":"/Users/giancarloramirez/personal-directory/demos/movie-app/src/components/Loader/constants.ts","statementMap":{"0":{"start":{"line":1,"column":13},"end":{"line":1,"column":47}}},"fnMap":{},"branchMap":{},"s":{"0":2},"f":{},"b":{}}
,"/Users/giancarloramirez/personal-directory/demos/movie-app/src/components/Loader/index.ts": {"path":"/Users/giancarloramirez/personal-directory/demos/movie-app/src/components/Loader/index.ts","statementMap":{"0":{"start":{"line":1,"column":0},"end":{"line":1,"column":25}}},"fnMap":{},"branchMap":{},"s":{"0":1},"f":{},"b":{}}
,"/Users/giancarloramirez/personal-directory/demos/movie-app/src/components/Movies/Movies.tsx": {"path":"/Users/giancarloramirez/personal-directory/demos/movie-app/src/components/Movies/Movies.tsx","statementMap":{"0":{"start":{"line":10,"column":0},"end":{"line":10,"column":16}},"1":{"start":{"line":1,"column":0},"end":{"line":1,"column":32}},"2":{"start":{"line":5,"column":0},"end":{"line":5,"column":30}},"3":{"start":{"line":6,"column":0},"end":{"line":6,"column":33}},"4":{"start":{"line":8,"column":0},"end":{"line":8,"column":41}},"5":{"start":{"line":11,"column":22},"end":{"line":21,"column":13}},"6":{"start":{"line":12,"column":4},"end":{"line":20,"column":7}},"7":{"start":{"line":13,"column":6},"end":{"line":14,"column":null}},"8":{"start":{"line":23,"column":2},"end":{"line":25,"column":3}},"9":{"start":{"line":24,"column":4},"end":{"line":24,"column":45}},"10":{"start":{"line":27,"column":2},"end":{"line":27,"column":60}}},"fnMap":{"0":{"name":"Movies","decl":{"start":{"line":10,"column":16},"end":{"line":10,"column":22}},"loc":{"start":{"line":10,"column":44},"end":{"line":28,"column":1}}},"1":{"name":"(anonymous_2)","decl":{"start":{"line":11,"column":30},"end":{"line":11,"column":33}},"loc":{"start":{"line":11,"column":35},"end":{"line":21,"column":3}}},"2":{"name":"(anonymous_3)","decl":{"start":{"line":12,"column":22},"end":{"line":12,"column":23}},"loc":{"start":{"line":13,"column":6},"end":{"line":14,"column":null}}}},"branchMap":{"0":{"loc":{"start":{"line":10,"column":25},"end":{"line":10,"column":35}},"type":"default-arg","locations":[{"start":{"line":10,"column":33},"end":{"line":10,"column":35}}]},"1":{"loc":{"start":{"line":23,"column":2},"end":{"line":25,"column":3}},"type":"if","locations":[{"start":{"line":23,"column":2},"end":{"line":25,"column":3}}]}},"s":{"0":2,"1":2,"2":2,"3":2,"4":2,"5":3,"6":3,"7":2,"8":3,"9":2,"10":1},"f":{"0":3,"1":3,"2":2},"b":{"0":[1],"1":[2]}}
,"/Users/giancarloramirez/personal-directory/demos/movie-app/src/components/Movies/index.ts": {"path":"/Users/giancarloramirez/personal-directory/demos/movie-app/src/components/Movies/index.ts","statementMap":{"0":{"start":{"line":1,"column":0},"end":{"line":1,"column":25}}},"fnMap":{},"branchMap":{},"s":{"0":1},"f":{},"b":{}}
,"/Users/giancarloramirez/personal-directory/demos/movie-app/src/components/Movies/Card/Card.tsx": {"path":"/Users/giancarloramirez/personal-directory/demos/movie-app/src/components/Movies/Card/Card.tsx","statementMap":{"0":{"start":{"line":14,"column":0},"end":{"line":14,"column":16}},"1":{"start":{"line":3,"column":0},"end":{"line":3,"column":null}},"2":{"start":{"line":12,"column":0},"end":{"line":12,"column":39}},"3":{"start":{"line":15,"column":17},"end":{"line":15,"column":77}},"4":{"start":{"line":16,"column":17},"end":{"line":18,"column":27}},"5":{"start":{"line":20,"column":2},"end":{"line":44,"column":4}}},"fnMap":{"0":{"name":"Card","decl":{"start":{"line":14,"column":16},"end":{"line":14,"column":20}},"loc":{"start":{"line":14,"column":65},"end":{"line":45,"column":1}}}},"branchMap":{"0":{"loc":{"start":{"line":15,"column":17},"end":{"line":15,"column":77}},"type":"cond-expr","locations":[{"start":{"line":15,"column":23},"end":{"line":15,"column":51}},{"start":{"line":15,"column":54},"end":{"line":15,"column":77}}]},"1":{"loc":{"start":{"line":16,"column":17},"end":{"line":18,"column":27}},"type":"cond-expr","locations":[{"start":{"line":17,"column":6},"end":{"line":17,"column":44}},{"start":{"line":18,"column":6},"end":{"line":18,"column":27}}]},"2":{"loc":{"start":{"line":38,"column":11},"end":{"line":40,"column":25}},"type":"cond-expr","locations":[{"start":{"line":39,"column":14},"end":{"line":39,"column":65}},{"start":{"line":40,"column":14},"end":{"line":40,"column":25}}]}},"s":{"0":3,"1":3,"2":3,"3":6,"4":6,"5":6},"f":{"0":6},"b":{"0":[5,1],"1":[5,1],"2":[0,6]}}
,"/Users/giancarloramirez/personal-directory/demos/movie-app/src/components/Movies/Card/constants.ts": {"path":"/Users/giancarloramirez/personal-directory/demos/movie-app/src/components/Movies/Card/constants.ts","statementMap":{"0":{"start":{"line":1,"column":13},"end":{"line":1,"column":61}},"1":{"start":{"line":2,"column":13},"end":{"line":2,"column":71}},"2":{"start":{"line":3,"column":13},"end":{"line":3,"column":60}},"3":{"start":{"line":4,"column":13},"end":{"line":4,"column":60}},"4":{"start":{"line":5,"column":13},"end":{"line":5,"column":52}},"5":{"start":{"line":6,"column":13},"end":{"line":6,"column":34}},"6":{"start":{"line":7,"column":13},"end":{"line":7,"column":43}}},"fnMap":{},"branchMap":{},"s":{"0":3,"1":3,"2":3,"3":3,"4":3,"5":3,"6":3},"f":{},"b":{}}
,"/Users/giancarloramirez/personal-directory/demos/movie-app/src/components/Movies/Card/index.ts": {"path":"/Users/giancarloramirez/personal-directory/demos/movie-app/src/components/Movies/Card/index.ts","statementMap":{"0":{"start":{"line":1,"column":0},"end":{"line":1,"column":23}}},"fnMap":{},"branchMap":{},"s":{"0":2},"f":{},"b":{}}
,"/Users/giancarloramirez/personal-directory/demos/movie-app/src/components/Search/Search.tsx": {"path":"/Users/giancarloramirez/personal-directory/demos/movie-app/src/components/Search/Search.tsx","statementMap":{"0":{"start":{"line":5,"column":0},"end":{"line":5,"column":16}},"1":{"start":{"line":3,"column":0},"end":{"line":3,"column":41}},"2":{"start":{"line":6,"column":2},"end":{"line":18,"column":4}}},"fnMap":{"0":{"name":"Search","decl":{"start":{"line":5,"column":16},"end":{"line":5,"column":22}},"loc":{"start":{"line":5,"column":49},"end":{"line":19,"column":1}}}},"branchMap":{},"s":{"0":2,"1":2,"2":3},"f":{"0":3},"b":{}}
,"/Users/giancarloramirez/personal-directory/demos/movie-app/src/components/Search/index.ts": {"path":"/Users/giancarloramirez/personal-directory/demos/movie-app/src/components/Search/index.ts","statementMap":{"0":{"start":{"line":1,"column":0},"end":{"line":1,"column":25}}},"fnMap":{},"branchMap":{},"s":{"0":1},"f":{},"b":{}}
,"/Users/giancarloramirez/personal-directory/demos/movie-app/src/store/store.ts": {"path":"/Users/giancarloramirez/personal-directory/demos/movie-app/src/store/store.ts","statementMap":{"0":{"start":{"line":1,"column":0},"end":{"line":1,"column":50}},"1":{"start":{"line":2,"column":0},"end":{"line":2,"column":77}},"2":{"start":{"line":4,"column":0},"end":{"line":4,"column":47}},"3":{"start":{"line":6,"column":13},"end":{"line":10,"column":3}},"4":{"start":{"line":12,"column":13},"end":{"line":12,"column":71}},"5":{"start":{"line":13,"column":13},"end":{"line":15,"column":16}}},"fnMap":{},"branchMap":{},"s":{"0":1,"1":1,"2":1,"3":1,"4":1,"5":1},"f":{},"b":{}}
,"/Users/giancarloramirez/personal-directory/demos/movie-app/src/store/features/appSlice.ts": {"path":"/Users/giancarloramirez/personal-directory/demos/movie-app/src/store/features/appSlice.ts","statementMap":{"0":{"start":{"line":1,"column":0},"end":{"line":1,"column":65}},"1":{"start":{"line":14,"column":13},"end":{"line":17,"column":2}},"2":{"start":{"line":19,"column":13},"end":{"line":39,"column":2}},"3":{"start":{"line":23,"column":4},"end":{"line":37,"column":5}},"4":{"start":{"line":24,"column":23},"end":{"line":25,"column":null}},"5":{"start":{"line":27,"column":19},"end":{"line":27,"column":40}},"6":{"start":{"line":29,"column":6},"end":{"line":31,"column":7}},"7":{"start":{"line":30,"column":8},"end":{"line":30,"column":48}},"8":{"start":{"line":33,"column":6},"end":{"line":33,"column":41}},"9":{"start":{"line":36,"column":6},"end":{"line":36,"column":45}},"10":{"start":{"line":41,"column":13},"end":{"line":73,"column":3}},"11":{"start":{"line":46,"column":6},"end":{"line":46,"column":40}},"12":{"start":{"line":52,"column":6},"end":{"line":52,"column":44}},"13":{"start":{"line":53,"column":6},"end":{"line":53,"column":39}},"14":{"start":{"line":57,"column":4},"end":{"line":60,"column":7}},"15":{"start":{"line":58,"column":6},"end":{"line":58,"column":27}},"16":{"start":{"line":59,"column":6},"end":{"line":59,"column":26}},"17":{"start":{"line":62,"column":4},"end":{"line":65,"column":7}},"18":{"start":{"line":63,"column":6},"end":{"line":63,"column":25}},"19":{"start":{"line":64,"column":6},"end":{"line":64,"column":28}},"20":{"start":{"line":67,"column":4},"end":{"line":71,"column":7}},"21":{"start":{"line":68,"column":6},"end":{"line":68,"column":44}},"22":{"start":{"line":69,"column":6},"end":{"line":69,"column":28}},"23":{"start":{"line":70,"column":6},"end":{"line":70,"column":26}},"24":{"start":{"line":75,"column":13},"end":{"line":75,"column":38}},"25":{"start":{"line":77,"column":0},"end":{"line":77,"column":32}}},"fnMap":{"0":{"name":"(anonymous_0)","decl":{"start":{"line":22,"column":2},"end":{"line":22,"column":7}},"loc":{"start":{"line":22,"column":47},"end":{"line":38,"column":3}}},"1":{"name":"(anonymous_1)","decl":{"start":{"line":45,"column":12},"end":{"line":45,"column":13}},"loc":{"start":{"line":45,"column":53},"end":{"line":47,"column":5}}},"2":{"name":"(anonymous_2)","decl":{"start":{"line":48,"column":16},"end":{"line":48,"column":null}},"loc":{"start":{"line":51,"column":8},"end":{"line":54,"column":5}}},"3":{"name":"(anonymous_3)","decl":{"start":{"line":56,"column":17},"end":{"line":56,"column":18}},"loc":{"start":{"line":56,"column":29},"end":{"line":72,"column":3}}},"4":{"name":"(anonymous_4)","decl":{"start":{"line":57,"column":41},"end":{"line":57,"column":42}},"loc":{"start":{"line":57,"column":51},"end":{"line":60,"column":5}}},"5":{"name":"(anonymous_5)","decl":{"start":{"line":62,"column":42},"end":{"line":62,"column":43}},"loc":{"start":{"line":62,"column":52},"end":{"line":65,"column":5}}},"6":{"name":"(anonymous_6)","decl":{"start":{"line":67,"column":43},"end":{"line":67,"column":44}},"loc":{"start":{"line":67,"column":61},"end":{"line":71,"column":5}}}},"branchMap":{"0":{"loc":{"start":{"line":29,"column":6},"end":{"line":31,"column":7}},"type":"if","locations":[{"start":{"line":29,"column":6},"end":{"line":31,"column":7}}]}},"s":{"0":2,"1":2,"2":2,"3":0,"4":0,"5":0,"6":0,"7":0,"8":0,"9":0,"10":2,"11":0,"12":1,"13":1,"14":2,"15":0,"16":0,"17":2,"18":0,"19":0,"20":2,"21":0,"22":0,"23":0,"24":2,"25":2},"f":{"0":0,"1":0,"2":1,"3":2,"4":0,"5":0,"6":0},"b":{"0":[0]}}
,"/Users/giancarloramirez/personal-directory/demos/movie-app/src/utils/test-utils.tsx": {"path":"/Users/giancarloramirez/personal-directory/demos/movie-app/src/utils/test-utils.tsx","statementMap":{"0":{"start":{"line":16,"column":0},"end":{"line":16,"column":16}},"1":{"start":{"line":2,"column":0},"end":{"line":2,"column":48}},"2":{"start":{"line":4,"column":0},"end":{"line":4,"column":39}},"3":{"start":{"line":6,"column":0},"end":{"line":6,"column":50}},"4":{"start":{"line":24,"column":6},"end":{"line":24,"column":27}},"5":{"start":{"line":26,"column":18},"end":{"line":27,"column":null}},"6":{"start":{"line":27,"column":4},"end":{"line":27,"column":51}},"7":{"start":{"line":31,"column":2},"end":{"line":34,"column":4}}},"fnMap":{"0":{"name":"renderWithProviders","decl":{"start":{"line":16,"column":16},"end":{"line":16,"column":35}},"loc":{"start":{"line":18,"column":51},"end":{"line":35,"column":1}}},"1":{"name":"(anonymous_1)","decl":{"start":{"line":26,"column":18},"end":{"line":26,"column":19}},"loc":{"start":{"line":27,"column":4},"end":{"line":27,"column":51}}}},"branchMap":{"0":{"loc":{"start":{"line":18,"column":2},"end":{"line":18,"column":51}},"type":"default-arg","locations":[{"start":{"line":18,"column":49},"end":{"line":18,"column":51}}]}},"s":{"0":1,"1":1,"2":1,"3":1,"4":1,"5":1,"6":1,"7":1},"f":{"0":1,"1":1},"b":{"0":[1]}}
}
