TN:
SF:src/App.tsx
FN:11,App
FN:13,(anonymous_2)
FN:18,(anonymous_3)
FN:23,(anonymous_4)
FN:29,(anonymous_5)
FN:30,(anonymous_6)
FNF:6
FNH:4
FNDA:1,App
FNDA:2,(anonymous_2)
FNDA:0,(anonymous_3)
FNDA:0,(anonymous_4)
FNDA:1,(anonymous_5)
FNDA:1,(anonymous_6)
DA:1,1
DA:2,1
DA:4,1
DA:6,1
DA:7,1
DA:9,1
DA:12,1
DA:13,2
DA:15,1
DA:17,1
DA:19,0
DA:23,1
DA:25,0
DA:26,0
DA:29,1
DA:30,1
DA:31,1
DA:35,1
DA:54,1
LF:19
LH:16
BRDA:40,0,0,0
BRDA:40,0,1,1
BRDA:42,1,0,0
BRDA:42,1,1,1
BRDA:48,2,0,1
BRDA:48,2,1,0
BRDA:48,3,0,1
BRDA:48,3,1,1
BRF:8
BRH:5
end_of_record
TN:
SF:src/vite-env.d.ts
FNF:0
FNH:0
LF:0
LH:0
BRF:0
BRH:0
end_of_record
TN:
SF:src/components/index.ts
FNF:0
FNH:0
DA:1,1
DA:2,1
DA:3,1
DA:4,1
DA:5,1
LF:5
LH:5
BRF:0
BRH:0
end_of_record
TN:
SF:src/components/Empty/Empty.tsx
FN:9,Empty
FNF:1
FNH:1
FNDA:4,Empty
DA:3,3
DA:5,3
DA:7,3
DA:9,3
DA:10,4
LF:5
LH:5
BRDA:9,0,0,1
BRF:1
BRH:1
end_of_record
TN:
SF:src/components/Empty/constants.ts
FNF:0
FNH:0
DA:1,3
LF:1
LH:1
BRF:0
BRH:0
end_of_record
TN:
SF:src/components/Empty/index.ts
FNF:0
FNH:0
DA:1,2
LF:1
LH:1
BRF:0
BRH:0
end_of_record
TN:
SF:src/components/Error/Error.tsx
FN:9,Error
FNF:1
FNH:1
FNDA:2,Error
DA:3,2
DA:5,2
DA:7,2
DA:9,2
DA:10,2
LF:5
LH:5
BRDA:9,0,0,1
BRF:1
BRH:1
end_of_record
TN:
SF:src/components/Error/constants.ts
FNF:0
FNH:0
DA:1,2
LF:1
LH:1
BRF:0
BRH:0
end_of_record
TN:
SF:src/components/Error/index.ts
FNF:0
FNH:0
DA:1,1
LF:1
LH:1
BRF:0
BRH:0
end_of_record
TN:
SF:src/components/Loader/Loader.tsx
FN:4,Loader
FNF:1
FNH:1
FNDA:1,Loader
DA:1,2
DA:2,2
DA:4,2
DA:5,1
LF:4
LH:4
BRF:0
BRH:0
end_of_record
TN:
SF:src/components/Loader/constants.ts
FNF:0
FNH:0
DA:1,2
LF:1
LH:1
BRF:0
BRH:0
end_of_record
TN:
SF:src/components/Loader/index.ts
FNF:0
FNH:0
DA:1,1
LF:1
LH:1
BRF:0
BRH:0
end_of_record
TN:
SF:src/components/Movies/Movies.tsx
FN:10,Movies
FN:11,(anonymous_2)
FN:12,(anonymous_3)
FNF:3
FNH:3
FNDA:3,Movies
FNDA:3,(anonymous_2)
FNDA:2,(anonymous_3)
DA:1,2
DA:5,2
DA:6,2
DA:8,2
DA:10,2
DA:11,3
DA:12,3
DA:13,2
DA:23,3
DA:24,2
DA:27,1
LF:11
LH:11
BRDA:10,0,0,1
BRDA:23,1,0,2
BRF:2
BRH:2
end_of_record
TN:
SF:src/components/Movies/index.ts
FNF:0
FNH:0
DA:1,1
LF:1
LH:1
BRF:0
BRH:0
end_of_record
TN:
SF:src/components/Movies/Card/Card.tsx
FN:14,Card
FNF:1
FNH:1
FNDA:6,Card
DA:3,3
DA:12,3
DA:14,3
DA:15,6
DA:16,6
DA:20,6
LF:6
LH:6
BRDA:15,0,0,5
BRDA:15,0,1,1
BRDA:16,1,0,5
BRDA:16,1,1,1
BRDA:38,2,0,0
BRDA:38,2,1,6
BRF:6
BRH:5
end_of_record
TN:
SF:src/components/Movies/Card/constants.ts
FNF:0
FNH:0
DA:1,3
DA:2,3
DA:3,3
DA:4,3
DA:5,3
DA:6,3
DA:7,3
LF:7
LH:7
BRF:0
BRH:0
end_of_record
TN:
SF:src/components/Movies/Card/index.ts
FNF:0
FNH:0
DA:1,2
LF:1
LH:1
BRF:0
BRH:0
end_of_record
TN:
SF:src/components/Search/Search.tsx
FN:5,Search
FNF:1
FNH:1
FNDA:3,Search
DA:3,2
DA:5,2
DA:6,3
LF:3
LH:3
BRF:0
BRH:0
end_of_record
TN:
SF:src/components/Search/index.ts
FNF:0
FNH:0
DA:1,1
LF:1
LH:1
BRF:0
BRH:0
end_of_record
TN:
SF:src/store/store.ts
FNF:0
FNH:0
DA:1,1
DA:2,1
DA:4,1
DA:6,1
DA:12,1
DA:13,1
LF:6
LH:6
BRF:0
BRH:0
end_of_record
TN:
SF:src/store/features/appSlice.ts
FN:22,(anonymous_0)
FN:45,(anonymous_1)
FN:48,(anonymous_2)
FN:56,(anonymous_3)
FN:57,(anonymous_4)
FN:62,(anonymous_5)
FN:67,(anonymous_6)
FNF:7
FNH:2
FNDA:0,(anonymous_0)
FNDA:0,(anonymous_1)
FNDA:1,(anonymous_2)
FNDA:2,(anonymous_3)
FNDA:0,(anonymous_4)
FNDA:0,(anonymous_5)
FNDA:0,(anonymous_6)
DA:1,2
DA:14,2
DA:19,2
DA:23,0
DA:24,0
DA:27,0
DA:29,0
DA:30,0
DA:33,0
DA:36,0
DA:41,2
DA:46,0
DA:52,1
DA:53,1
DA:57,2
DA:58,0
DA:59,0
DA:62,2
DA:63,0
DA:64,0
DA:67,2
DA:68,0
DA:69,0
DA:70,0
DA:75,2
DA:77,2
LF:26
LH:11
BRDA:29,0,0,0
BRF:1
BRH:0
end_of_record
TN:
SF:src/utils/test-utils.tsx
FN:16,renderWithProviders
FN:26,(anonymous_1)
FNF:2
FNH:2
FNDA:1,renderWithProviders
FNDA:1,(anonymous_1)
DA:2,1
DA:4,1
DA:6,1
DA:16,1
DA:24,1
DA:26,1
DA:27,1
DA:31,1
LF:8
LH:8
BRDA:18,0,0,1
BRF:1
BRH:1
end_of_record
